Error in library(tidyverse) : there is no package called 'tidyverse'
Execution halted
Error in library(tidyverse) : there is no package called 'tidyverse'
Execution halted
-- Attaching packages --------------------------------------- tidyverse 1.3.0 --
v ggplot2 3.3.2     v purrr   0.3.4
v tibble  3.0.4     v dplyr   1.0.2
v tidyr   1.1.2     v stringr 1.4.0
v readr   1.4.0     v forcats 0.5.0
-- Conflicts ------------------------------------------ tidyverse_conflicts() --
x dplyr::filter()  masks stats::filter()
x purrr::flatten() masks jsonlite::flatten()
x dplyr::lag()     masks stats::lag()
Error in library(RSocrata) : there is no package called 'RSocrata'
Execution halted
-- Attaching packages --------------------------------------- tidyverse 1.3.0 --
v ggplot2 3.3.2     v purrr   0.3.4
v tibble  3.0.4     v dplyr   1.0.2
v tidyr   1.1.2     v stringr 1.4.0
v readr   1.4.0     v forcats 0.5.0
-- Conflicts ------------------------------------------ tidyverse_conflicts() --
x dplyr::filter()  masks stats::filter()
x purrr::flatten() masks jsonlite::flatten()
x dplyr::lag()     masks stats::lag()
Error in library(RSocrata) : there is no package called 'RSocrata'
Execution halted
-- Attaching packages --------------------------------------- tidyverse 1.3.0 --
v ggplot2 3.3.2     v purrr   0.3.4
v tibble  3.0.4     v dplyr   1.0.2
v tidyr   1.1.2     v stringr 1.4.0
v readr   1.4.0     v forcats 0.5.0
-- Conflicts ------------------------------------------ tidyverse_conflicts() --
x dplyr::filter()  masks stats::filter()
x purrr::flatten() masks jsonlite::flatten()
x dplyr::lag()     masks stats::lag()
Error in library(RMySQL) : there is no package called 'RMySQL'
Execution halted
-- Attaching packages --------------------------------------- tidyverse 1.3.0 --
v ggplot2 3.3.2     v purrr   0.3.4
v tibble  3.0.4     v dplyr   1.0.2
v tidyr   1.1.2     v stringr 1.4.0
v readr   1.4.0     v forcats 0.5.0
-- Conflicts ------------------------------------------ tidyverse_conflicts() --
x dplyr::filter()  masks stats::filter()
x purrr::flatten() masks jsonlite::flatten()
x dplyr::lag()     masks stats::lag()
Error in library(skimr) : there is no package called 'skimr'
Execution halted
-- Attaching packages --------------------------------------- tidyverse 1.3.0 --
v ggplot2 3.3.2     v purrr   0.3.4
v tibble  3.0.4     v dplyr   1.0.2
v tidyr   1.1.2     v stringr 1.4.0
v readr   1.4.0     v forcats 0.5.0
-- Conflicts ------------------------------------------ tidyverse_conflicts() --
x dplyr::filter()  masks stats::filter()
x purrr::flatten() masks jsonlite::flatten()
x dplyr::lag()     masks stats::lag()
Error: RStudio not running
Execution halted
-- Attaching packages --------------------------------------- tidyverse 1.3.0 --
v ggplot2 3.3.2     v purrr   0.3.4
v tibble  3.0.4     v dplyr   1.0.2
v tidyr   1.1.2     v stringr 1.4.0
v readr   1.4.0     v forcats 0.5.0
-- Conflicts ------------------------------------------ tidyverse_conflicts() --
x dplyr::filter()  masks stats::filter()
x purrr::flatten() masks jsonlite::flatten()
x dplyr::lag()     masks stats::lag()
Error: RStudio not running
Execution halted
-- Attaching packages --------------------------------------- tidyverse 1.3.0 --
v ggplot2 3.3.2     v purrr   0.3.4
v tibble  3.0.4     v dplyr   1.0.2
v tidyr   1.1.2     v stringr 1.4.0
v readr   1.4.0     v forcats 0.5.0
-- Conflicts ------------------------------------------ tidyverse_conflicts() --
x dplyr::filter()  masks stats::filter()
x purrr::flatten() masks jsonlite::flatten()
x dplyr::lag()     masks stats::lag()
Error: RStudio not running
Execution halted
-- Attaching packages --------------------------------------- tidyverse 1.3.0 --
v ggplot2 3.3.2     v purrr   0.3.4
v tibble  3.0.4     v dplyr   1.0.2
v tidyr   1.1.2     v stringr 1.4.0
v readr   1.4.0     v forcats 0.5.0
-- Conflicts ------------------------------------------ tidyverse_conflicts() --
x dplyr::filter()  masks stats::filter()
x purrr::flatten() masks jsonlite::flatten()
x dplyr::lag()     masks stats::lag()
Error: RStudio not running
Execution halted
-- Attaching packages --------------------------------------- tidyverse 1.3.0 --
v ggplot2 3.3.2     v purrr   0.3.4
v tibble  3.0.4     v dplyr   1.0.2
v tidyr   1.1.2     v stringr 1.4.0
v readr   1.4.0     v forcats 0.5.0
-- Conflicts ------------------------------------------ tidyverse_conflicts() --
x dplyr::filter()  masks stats::filter()
x purrr::flatten() masks jsonlite::flatten()
x dplyr::lag()     masks stats::lag()
Error: RStudio not running
Execution halted
-- Attaching packages --------------------------------------- tidyverse 1.3.0 --
v ggplot2 3.3.2     v purrr   0.3.4
v tibble  3.0.4     v dplyr   1.0.2
v tidyr   1.1.2     v stringr 1.4.0
v readr   1.4.0     v forcats 0.5.0
-- Conflicts ------------------------------------------ tidyverse_conflicts() --
x dplyr::filter()  masks stats::filter()
x purrr::flatten() masks jsonlite::flatten()
x dplyr::lag()     masks stats::lag()
Error: RStudio not running
Execution halted
-- Attaching packages --------------------------------------- tidyverse 1.3.0 --
v ggplot2 3.3.2     v purrr   0.3.4
v tibble  3.0.4     v dplyr   1.0.2
v tidyr   1.1.2     v stringr 1.4.0
v readr   1.4.0     v forcats 0.5.0
-- Conflicts ------------------------------------------ tidyverse_conflicts() --
x dplyr::filter()  masks stats::filter()
x purrr::flatten() masks jsonlite::flatten()
x dplyr::lag()     masks stats::lag()
Error: RStudio not running
Execution halted
-- Attaching packages --------------------------------------- tidyverse 1.3.0 --
v ggplot2 3.3.2     v purrr   0.3.4
v tibble  3.0.4     v dplyr   1.0.2
v tidyr   1.1.2     v stringr 1.4.0
v readr   1.4.0     v forcats 0.5.0
-- Conflicts ------------------------------------------ tidyverse_conflicts() --
x dplyr::filter()  masks stats::filter()
x purrr::flatten() masks jsonlite::flatten()
x dplyr::lag()     masks stats::lag()
Error: RStudio not running
Execution halted
-- Attaching packages --------------------------------------- tidyverse 1.3.0 --
v ggplot2 3.3.2     v purrr   0.3.4
v tibble  3.0.4     v dplyr   1.0.2
v tidyr   1.1.2     v stringr 1.4.0
v readr   1.4.0     v forcats 0.5.0
-- Conflicts ------------------------------------------ tidyverse_conflicts() --
x dplyr::filter()  masks stats::filter()
x purrr::flatten() masks jsonlite::flatten()
x dplyr::lag()     masks stats::lag()
Error: RStudio not running
Execution halted
-- Attaching packages --------------------------------------- tidyverse 1.3.0 --
v ggplot2 3.3.2     v purrr   0.3.4
v tibble  3.0.4     v dplyr   1.0.2
v tidyr   1.1.2     v stringr 1.4.0
v readr   1.4.0     v forcats 0.5.0
-- Conflicts ------------------------------------------ tidyverse_conflicts() --
x dplyr::filter()  masks stats::filter()
x purrr::flatten() masks jsonlite::flatten()
x dplyr::lag()     masks stats::lag()
Error: RStudio not running
Execution halted
-- Attaching packages --------------------------------------- tidyverse 1.3.0 --
v ggplot2 3.3.2     v purrr   0.3.4
v tibble  3.0.4     v dplyr   1.0.2
v tidyr   1.1.2     v stringr 1.4.0
v readr   1.4.0     v forcats 0.5.0
-- Conflicts ------------------------------------------ tidyverse_conflicts() --
x dplyr::filter()  masks stats::filter()
x purrr::flatten() masks jsonlite::flatten()
x dplyr::lag()     masks stats::lag()
Error: RStudio not running
Execution halted
-- Attaching packages --------------------------------------- tidyverse 1.3.0 --
v ggplot2 3.3.2     v purrr   0.3.4
v tibble  3.0.4     v dplyr   1.0.2
v tidyr   1.1.2     v stringr 1.4.0
v readr   1.4.0     v forcats 0.5.0
-- Conflicts ------------------------------------------ tidyverse_conflicts() --
x dplyr::filter()  masks stats::filter()
x purrr::flatten() masks jsonlite::flatten()
x dplyr::lag()     masks stats::lag()
Error: RStudio not running
Execution halted
-- Attaching packages --------------------------------------- tidyverse 1.3.0 --
v ggplot2 3.3.2     v purrr   0.3.4
v tibble  3.0.4     v dplyr   1.0.2
v tidyr   1.1.2     v stringr 1.4.0
v readr   1.4.0     v forcats 0.5.0
-- Conflicts ------------------------------------------ tidyverse_conflicts() --
x dplyr::filter()  masks stats::filter()
x purrr::flatten() masks jsonlite::flatten()
x dplyr::lag()     masks stats::lag()
Error: RStudio not running
Execution halted
-- Attaching packages --------------------------------------- tidyverse 1.3.0 --
v ggplot2 3.3.2     v purrr   0.3.4
v tibble  3.0.4     v dplyr   1.0.2
v tidyr   1.1.2     v stringr 1.4.0
v readr   1.4.0     v forcats 0.5.0
-- Conflicts ------------------------------------------ tidyverse_conflicts() --
x dplyr::filter()  masks stats::filter()
x purrr::flatten() masks jsonlite::flatten()
x dplyr::lag()     masks stats::lag()
Error: RStudio not running
Execution halted
-- Attaching packages --------------------------------------- tidyverse 1.3.0 --
v ggplot2 3.3.2     v purrr   0.3.4
v tibble  3.0.4     v dplyr   1.0.2
v tidyr   1.1.2     v stringr 1.4.0
v readr   1.4.0     v forcats 0.5.0
-- Conflicts ------------------------------------------ tidyverse_conflicts() --
x dplyr::filter()  masks stats::filter()
x purrr::flatten() masks jsonlite::flatten()
x dplyr::lag()     masks stats::lag()
Error: RStudio not running
Execution halted
-- Attaching packages --------------------------------------- tidyverse 1.3.0 --
v ggplot2 3.3.2     v purrr   0.3.4
v tibble  3.0.4     v dplyr   1.0.2
v tidyr   1.1.2     v stringr 1.4.0
v readr   1.4.0     v forcats 0.5.0
-- Conflicts ------------------------------------------ tidyverse_conflicts() --
x dplyr::filter()  masks stats::filter()
x purrr::flatten() masks jsonlite::flatten()
x dplyr::lag()     masks stats::lag()
Error: RStudio not running
Execution halted
-- Attaching packages --------------------------------------- tidyverse 1.3.0 --
v ggplot2 3.3.2     v purrr   0.3.4
v tibble  3.0.4     v dplyr   1.0.2
v tidyr   1.1.2     v stringr 1.4.0
v readr   1.4.0     v forcats 0.5.0
-- Conflicts ------------------------------------------ tidyverse_conflicts() --
x dplyr::filter()  masks stats::filter()
x purrr::flatten() masks jsonlite::flatten()
x dplyr::lag()     masks stats::lag()
Error: RStudio not running
Execution halted
-- Attaching packages --------------------------------------- tidyverse 1.3.0 --
v ggplot2 3.3.2     v purrr   0.3.4
v tibble  3.0.4     v dplyr   1.0.2
v tidyr   1.1.2     v stringr 1.4.0
v readr   1.4.0     v forcats 0.5.0
-- Conflicts ------------------------------------------ tidyverse_conflicts() --
x dplyr::filter()  masks stats::filter()
x purrr::flatten() masks jsonlite::flatten()
x dplyr::lag()     masks stats::lag()
Error: RStudio not running
Execution halted
-- Attaching packages --------------------------------------- tidyverse 1.3.0 --
v ggplot2 3.3.2     v purrr   0.3.4
v tibble  3.0.4     v dplyr   1.0.2
v tidyr   1.1.2     v stringr 1.4.0
v readr   1.4.0     v forcats 0.5.0
-- Conflicts ------------------------------------------ tidyverse_conflicts() --
x dplyr::filter()  masks stats::filter()
x purrr::flatten() masks jsonlite::flatten()
x dplyr::lag()     masks stats::lag()
Error: RStudio not running
Execution halted
-- Attaching packages --------------------------------------- tidyverse 1.3.0 --
v ggplot2 3.3.2     v purrr   0.3.4
v tibble  3.0.4     v dplyr   1.0.2
v tidyr   1.1.2     v stringr 1.4.0
v readr   1.4.0     v forcats 0.5.0
-- Conflicts ------------------------------------------ tidyverse_conflicts() --
x dplyr::filter()  masks stats::filter()
x purrr::flatten() masks jsonlite::flatten()
x dplyr::lag()     masks stats::lag()
Error: RStudio not running
Execution halted
-- Attaching packages --------------------------------------- tidyverse 1.3.0 --
v ggplot2 3.3.2     v purrr   0.3.4
v tibble  3.0.4     v dplyr   1.0.2
v tidyr   1.1.2     v stringr 1.4.0
v readr   1.4.0     v forcats 0.5.0
-- Conflicts ------------------------------------------ tidyverse_conflicts() --
x dplyr::filter()  masks stats::filter()
x purrr::flatten() masks jsonlite::flatten()
x dplyr::lag()     masks stats::lag()
Error: RStudio not running
Execution halted
-- Attaching packages --------------------------------------- tidyverse 1.3.0 --
v ggplot2 3.3.2     v purrr   0.3.4
v tibble  3.0.4     v dplyr   1.0.2
v tidyr   1.1.2     v stringr 1.4.0
v readr   1.4.0     v forcats 0.5.0
-- Conflicts ------------------------------------------ tidyverse_conflicts() --
x dplyr::filter()  masks stats::filter()
x purrr::flatten() masks jsonlite::flatten()
x dplyr::lag()     masks stats::lag()
Error: RStudio not running
Execution halted
